Using pre-set license
Built from '2022.3/staging' branch; Version is '2022.3.1f1 (f18e0c1b5784) revision 15830540'; Using compiler version '192829333'; Build Type 'Release'
OS: 'Windows 10  (10.0.19045) 64bit Core' Language: 'en' Physical Memory: 14204 MB
BatchMode: 1, IsHumanControllingUs: 0, StartBugReporterOnCrash: 0, Is64bit: 1, IsPro: 1

COMMAND LINE ARGUMENTS:
D:\loll\Unity Hub\2022.3.1f1\Editor\Unity.exe
-adb2
-batchMode
-noUpm
-name
AssetImportWorker11
-projectPath
C:/Users/Nero/Orbital/Pearl_Pony_Orbital
-logFile
Logs/AssetImportWorker11.log
-srvPort
49202
Successfully changed project path to: C:/Users/Nero/Orbital/Pearl_Pony_Orbital
C:/Users/Nero/Orbital/Pearl_Pony_Orbital
[UnityMemory] Configuration Parameters - Can be set up in boot.config
    "memorysetup-bucket-allocator-granularity=16"
    "memorysetup-bucket-allocator-bucket-count=8"
    "memorysetup-bucket-allocator-block-size=33554432"
    "memorysetup-bucket-allocator-block-count=8"
    "memorysetup-main-allocator-block-size=16777216"
    "memorysetup-thread-allocator-block-size=16777216"
    "memorysetup-gfx-main-allocator-block-size=16777216"
    "memorysetup-gfx-thread-allocator-block-size=16777216"
    "memorysetup-cache-allocator-block-size=4194304"
    "memorysetup-typetree-allocator-block-size=2097152"
    "memorysetup-profiler-bucket-allocator-granularity=16"
    "memorysetup-profiler-bucket-allocator-bucket-count=8"
    "memorysetup-profiler-bucket-allocator-block-size=33554432"
    "memorysetup-profiler-bucket-allocator-block-count=8"
    "memorysetup-profiler-allocator-block-size=16777216"
    "memorysetup-profiler-editor-allocator-block-size=1048576"
    "memorysetup-temp-allocator-size-main=16777216"
    "memorysetup-job-temp-allocator-block-size=2097152"
    "memorysetup-job-temp-allocator-block-size-background=1048576"
    "memorysetup-job-temp-allocator-reduction-small-platforms=262144"
    "memorysetup-allocator-temp-initial-block-size-main=262144"
    "memorysetup-allocator-temp-initial-block-size-worker=262144"
    "memorysetup-temp-allocator-size-background-worker=32768"
    "memorysetup-temp-allocator-size-job-worker=262144"
    "memorysetup-temp-allocator-size-preload-manager=33554432"
    "memorysetup-temp-allocator-size-nav-mesh-worker=65536"
    "memorysetup-temp-allocator-size-audio-worker=65536"
    "memorysetup-temp-allocator-size-cloud-worker=32768"
    "memorysetup-temp-allocator-size-gi-baking-worker=262144"
    "memorysetup-temp-allocator-size-gfx=262144"
Player connection [11664] Host "[IP] 10.101.34.182 [Port] 0 [Flags] 2 [Guid] 1724256364 [EditorId] 1724256364 [Version] 1048832 [Id] WindowsEditor(7,NERO) [Debug] 1 [PackageName] WindowsEditor [ProjectName] Editor" joined multi-casting on [225.0.0.222:54997]...

Player connection [11664] Host "[IP] 10.101.34.182 [Port] 0 [Flags] 2 [Guid] 1724256364 [EditorId] 1724256364 [Version] 1048832 [Id] WindowsEditor(7,NERO) [Debug] 1 [PackageName] WindowsEditor [ProjectName] Editor" joined alternative multi-casting on [225.0.0.222:34997]...

Refreshing native plugins compatible for Editor in 18.67 ms, found 4 plugins.
Preloading 0 native plugins for Editor in 0.00 ms.
Initialize engine version: 2022.3.1f1 (f18e0c1b5784)
[Subsystems] Discovering subsystems at path D:/loll/Unity Hub/2022.3.1f1/Editor/Data/Resources/UnitySubsystems
[Subsystems] Discovering subsystems at path C:/Users/Nero/Orbital/Pearl_Pony_Orbital/Assets
GfxDevice: creating device client; threaded=0; jobified=0
Direct3D:
    Version:  Direct3D 11.0 [level 11.1]
    Renderer: NVIDIA GeForce RTX 3060 Laptop GPU (ID=0x2560)
    Vendor:   NVIDIA
    VRAM:     6009 MB
    Driver:   31.0.15.2799
Initialize mono
Mono path[0] = 'D:/loll/Unity Hub/2022.3.1f1/Editor/Data/Managed'
Mono path[1] = 'D:/loll/Unity Hub/2022.3.1f1/Editor/Data/MonoBleedingEdge/lib/mono/unityjit-win32'
Mono config path = 'D:/loll/Unity Hub/2022.3.1f1/Editor/Data/MonoBleedingEdge/etc'
Using monoOptions --debugger-agent=transport=dt_socket,embedding=1,server=y,suspend=n,address=127.0.0.1:56296
Begin MonoManager ReloadAssembly
Registering precompiled unity dll's ...
Register platform support module: D:/loll/Unity Hub/2022.3.1f1/Editor/Data/PlaybackEngines/WebGLSupport/UnityEditor.WebGL.Extensions.dll
Register platform support module: D:/loll/Unity Hub/2022.3.1f1/Editor/Data/PlaybackEngines/MacStandaloneSupport/UnityEditor.OSXStandalone.Extensions.dll
Register platform support module: D:/loll/Unity Hub/2022.3.1f1/Editor/Data/PlaybackEngines/WindowsStandaloneSupport/UnityEditor.WindowsStandalone.Extensions.dll
Register platform support module: D:/loll/Unity Hub/2022.3.1f1/Editor/Data/PlaybackEngines/MetroSupport/UnityEditor.UWP.Extensions.dll
Registered in 0.008852 seconds.
- Loaded All Assemblies, in  0.312 seconds
Native extension for UWP target not found
Native extension for WindowsStandalone target not found
Native extension for OSXStandalone target not found
Native extension for WebGL target not found
Mono: successfully reloaded assembly
- Finished resetting the current domain, in  0.229 seconds
Domain Reload Profiling: 541ms
	BeginReloadAssembly (96ms)
		ExecutionOrderSort (0ms)
		DisableScriptedObjects (0ms)
		BackupInstance (0ms)
		ReleaseScriptingObjects (0ms)
		CreateAndSetChildDomain (1ms)
	RebuildCommonClasses (29ms)
	RebuildNativeTypeToScriptingClass (8ms)
	initialDomainReloadingComplete (51ms)
	LoadAllAssembliesAndSetupDomain (127ms)
		LoadAssemblies (97ms)
		RebuildTransferFunctionScriptingTraits (0ms)
		AnalyzeDomain (122ms)
			TypeCache.Refresh (122ms)
				TypeCache.ScanAssembly (109ms)
			ScanForSourceGeneratedMonoScriptInfo (0ms)
			ResolveRequiredComponents (0ms)
	FinalizeReload (230ms)
		ReleaseScriptCaches (0ms)
		RebuildScriptCaches (0ms)
		SetupLoadedEditorAssemblies (181ms)
			LogAssemblyErrors (0ms)
			InitializePlatformSupportModulesInManaged (11ms)
			SetLoadedEditorAssemblies (5ms)
			RefreshPlugins (0ms)
			BeforeProcessingInitializeOnLoad (2ms)
			ProcessInitializeOnLoadAttributes (117ms)
			ProcessInitializeOnLoadMethodAttributes (46ms)
			AfterProcessingInitializeOnLoad (0ms)
			EditorAssembliesLoaded (0ms)
		ExecutionOrderSort2 (0ms)
		AwakeInstancesAfterBackupRestoration (0ms)
========================================================================
Worker process is ready to serve import requests
Begin MonoManager ReloadAssembly
Symbol file LoadedFromMemory doesn't match image C:\Users\Nero\Orbital\Pearl_Pony_Orbital\Library\PackageCache\com.unity.visualscripting@1.8.0\Editor\VisualScripting.Core\Dependencies\YamlDotNet\Unity.VisualScripting.YamlDotNet.dll
Symbol file LoadedFromMemory doesn't match image C:\Users\Nero\Orbital\Pearl_Pony_Orbital\Library\PackageCache\com.unity.visualscripting@1.8.0\Editor\VisualScripting.Core\Dependencies\DotNetZip\Unity.VisualScripting.IonicZip.dll
Symbol file LoadedFromMemory is not a mono symbol file
- Loaded All Assemblies, in  0.797 seconds
Refreshing native plugins compatible for Editor in 7.32 ms, found 4 plugins.
Native extension for UWP target not found
Native extension for WindowsStandalone target not found
Native extension for OSXStandalone target not found
Native extension for WebGL target not found
Mirror | mirror-networking.com | discord.gg/N9QVxbM
UnityEngine.StackTraceUtility:ExtractStackTrace ()
UnityEngine.DebugLogHandler:LogFormat (UnityEngine.LogType,UnityEngine.Object,string,object[])
UnityEngine.Logger:Log (UnityEngine.LogType,object)
UnityEngine.Debug:Log (object)
Mirror.Welcome:OnInitializeOnLoad () (at Assets/Mirror/Editor/Welcome.cs:18)
System.Reflection.RuntimeMethodInfo:Invoke (object,System.Reflection.BindingFlags,System.Reflection.Binder,object[],System.Globalization.CultureInfo)
System.Reflection.MethodBase:Invoke (object,object[])
UnityEditor.EditorAssemblies:ProcessInitializeOnLoadMethodAttributes ()

(Filename: Assets/Mirror/Editor/Welcome.cs Line: 18)

Mono: successfully reloaded assembly
- Finished resetting the current domain, in  0.616 seconds
Domain Reload Profiling: 1408ms
	BeginReloadAssembly (132ms)
		ExecutionOrderSort (0ms)
		DisableScriptedObjects (5ms)
		BackupInstance (0ms)
		ReleaseScriptingObjects (0ms)
		CreateAndSetChildDomain (22ms)
	RebuildCommonClasses (26ms)
	RebuildNativeTypeToScriptingClass (8ms)
	initialDomainReloadingComplete (38ms)
	LoadAllAssembliesAndSetupDomain (588ms)
		LoadAssemblies (355ms)
		RebuildTransferFunctionScriptingTraits (0ms)
		AnalyzeDomain (298ms)
			TypeCache.Refresh (256ms)
				TypeCache.ScanAssembly (240ms)
			ScanForSourceGeneratedMonoScriptInfo (36ms)
			ResolveRequiredComponents (7ms)
	FinalizeReload (617ms)
		ReleaseScriptCaches (0ms)
		RebuildScriptCaches (0ms)
		SetupLoadedEditorAssemblies (454ms)
			LogAssemblyErrors (0ms)
			InitializePlatformSupportModulesInManaged (9ms)
			SetLoadedEditorAssemblies (6ms)
			RefreshPlugins (0ms)
			BeforeProcessingInitializeOnLoad (98ms)
			ProcessInitializeOnLoadAttributes (284ms)
			ProcessInitializeOnLoadMethodAttributes (54ms)
			AfterProcessingInitializeOnLoad (3ms)
			EditorAssembliesLoaded (0ms)
		ExecutionOrderSort2 (0ms)
		AwakeInstancesAfterBackupRestoration (5ms)
Launched and connected shader compiler UnityShaderCompiler.exe after 0.04 seconds
Refreshing native plugins compatible for Editor in 7.42 ms, found 4 plugins.
Preloading 0 native plugins for Editor in 0.00 ms.
Unloading 6056 Unused Serialized files (Serialized files now loaded: 0)
Unloading 91 unused Assets / (141.5 KB). Loaded Objects now: 6508.
Memory consumption went from 199.4 MB to 199.3 MB.
Total: 4.825000 ms (FindLiveObjects: 0.524200 ms CreateObjectMapping: 0.306100 ms MarkObjects: 3.760800 ms  DeleteObjects: 0.232500 ms)

AssetImportParameters requested are different than current active one (requested -> active):
  custom:container-demuxer-ogg: 62fdf1f143b41e24485cea50d1cbac27 -> 
  custom:video-codec-MediaFoundation-h265: 746d11721c4dcdbdad8f713fa42b33f4 -> 
  custom:video-decoder-ogg-theora: a1e56fd34408186e4bbccfd4996cb3dc -> 
  custom:framework-win-MediaFoundation: 216162199b28c13a410421893ffa2e32 -> 
  custom:container-demuxer-webm: 4f35f7cbe854078d1ac9338744f61a02 -> 
  custom:container-muxer-webm: aa71ff27fc2769a1b78a27578f13a17b -> 
  custom:video-decoder-webm-vp8: 9c59270c3fd7afecdb556c50c9e8de78 -> 
  custom:AudioImporter_EditorPlatform: d09bf68614088b80899f8185d706f6e7 -> 
  custom:scripting/monoscript/fileName/WinnerDecider.cs: 8fd15d9e4ac2a10a4012c21bac144715 -> f581600135654ef22c31a43fc6c403b7
  custom:video-encoder-webm-vp8: eb34c28f22e8b96e1ab97ce403110664 -> 
  custom:audio-decoder-ogg-vorbis: bf7c407c2cedff20999df2af8eb42d56 -> 
  custom:audio-encoder-webm-vorbis: bf7c407c2cedff20999df2af8eb42d56 -> 
========================================================================
Received Import Request.
  Time since last request: 1957498.297448 seconds.
  path: Assets/Footsteps - Essentials/Footsteps_DirtyGround
  artifactKey: Guid(d0ba54a2ca348c945935f123f842b774) Importer(815301076,1909f56bfc062723c751e8b465ee728b)
Start importing Assets/Footsteps - Essentials/Footsteps_DirtyGround using Guid(d0ba54a2ca348c945935f123f842b774) Importer(815301076,1909f56bfc062723c751e8b465ee728b)  -> (artifact id: '04ac5f2e1c8366db579e790f5cf0c897') in 0.002551 seconds
Number of updated asset objects reloaded before import = 0
Number of asset objects unloaded after import = 0
========================================================================
Received Import Request.
  Time since last request: 0.590545 seconds.
  path: Assets/Footsteps - Essentials/Footsteps_DirtyGround/Footsteps_DirtyGround_Land
  artifactKey: Guid(c6ee03d779942364d9444964c0b7b4a8) Importer(815301076,1909f56bfc062723c751e8b465ee728b)
Start importing Assets/Footsteps - Essentials/Footsteps_DirtyGround/Footsteps_DirtyGround_Land using Guid(c6ee03d779942364d9444964c0b7b4a8) Importer(815301076,1909f56bfc062723c751e8b465ee728b)  -> (artifact id: '17d8ff9523ae4b17740626d09bc51fc0') in 0.000506 seconds
Number of updated asset objects reloaded before import = 0
Number of asset objects unloaded after import = 0
========================================================================
Received Import Request.
  Time since last request: 0.636251 seconds.
  path: Assets/Footsteps - Essentials/Footsteps_DirtyGround/Footsteps_DirtyGround_Land/Footsteps_DirtyGround_Jump_Land_01.wav
  artifactKey: Guid(7131d701ae015a54aa3d856feccd513f) Importer(815301076,1909f56bfc062723c751e8b465ee728b)
Start importing Assets/Footsteps - Essentials/Footsteps_DirtyGround/Footsteps_DirtyGround_Land/Footsteps_DirtyGround_Jump_Land_01.wav using Guid(7131d701ae015a54aa3d856feccd513f) Importer(815301076,1909f56bfc062723c751e8b465ee728b)  -> (artifact id: '4b234199db388a3de56ff1d529ceaa0b') in 0.097124 seconds
Number of updated asset objects reloaded before import = 0
Number of asset objects unloaded after import = 2
========================================================================
Received Import Request.
  Time since last request: 0.000024 seconds.
  path: Assets/Footsteps - Essentials/Footsteps_DirtyGround/Footsteps_DirtyGround_Land/Footsteps_DirtyGround_Jump_Start_03.wav
  artifactKey: Guid(65d9836027675574b8d070c5718f99c7) Importer(815301076,1909f56bfc062723c751e8b465ee728b)
Start importing Assets/Footsteps - Essentials/Footsteps_DirtyGround/Footsteps_DirtyGround_Land/Footsteps_DirtyGround_Jump_Start_03.wav using Guid(65d9836027675574b8d070c5718f99c7) Importer(815301076,1909f56bfc062723c751e8b465ee728b)  -> (artifact id: '8c08f40f97dbc286e312d18ff917e1e4') in 0.019321 seconds
Number of updated asset objects reloaded before import = 0
Number of asset objects unloaded after import = 2
========================================================================
Received Import Request.
  Time since last request: 0.000044 seconds.
  path: Assets/Footsteps - Essentials/Footsteps_DirtyGround/Footsteps_DirtyGround_Land/Footsteps_DirtyGround_Jump_Start_01.wav
  artifactKey: Guid(665f92bb69e46a94a8caf3717dbb0d5e) Importer(815301076,1909f56bfc062723c751e8b465ee728b)
Start importing Assets/Footsteps - Essentials/Footsteps_DirtyGround/Footsteps_DirtyGround_Land/Footsteps_DirtyGround_Jump_Start_01.wav using Guid(665f92bb69e46a94a8caf3717dbb0d5e) Importer(815301076,1909f56bfc062723c751e8b465ee728b)  -> (artifact id: 'd97447a5e5c247f89ce0e1fce95802f8') in 0.019021 seconds
Number of updated asset objects reloaded before import = 0
Number of asset objects unloaded after import = 2
========================================================================
Received Import Request.
  Time since last request: 15.948177 seconds.
  path: Assets/Footsteps - Essentials/Footsteps_DirtyGround/Footsteps_DirtyGround_Walk
  artifactKey: Guid(34364a0d1aa79ed47affe711d45cb8ab) Importer(815301076,1909f56bfc062723c751e8b465ee728b)
Start importing Assets/Footsteps - Essentials/Footsteps_DirtyGround/Footsteps_DirtyGround_Walk using Guid(34364a0d1aa79ed47affe711d45cb8ab) Importer(815301076,1909f56bfc062723c751e8b465ee728b)  -> (artifact id: '0a134c9e055803ec918124ffd8315bd1') in 0.000524 seconds
Number of updated asset objects reloaded before import = 0
Number of asset objects unloaded after import = 0
========================================================================
Received Import Request.
  Time since last request: 0.049224 seconds.
  path: Assets/Footsteps - Essentials/Footsteps_DirtyGround/Footsteps_DirtyGround_Walk/Footsteps_DirtyGround_Walk_01.wav
  artifactKey: Guid(9ea11a2d13d536e4e8441a0f5895995c) Importer(815301076,1909f56bfc062723c751e8b465ee728b)
Start importing Assets/Footsteps - Essentials/Footsteps_DirtyGround/Footsteps_DirtyGround_Walk/Footsteps_DirtyGround_Walk_01.wav using Guid(9ea11a2d13d536e4e8441a0f5895995c) Importer(815301076,1909f56bfc062723c751e8b465ee728b)  -> (artifact id: '1d12079958500a9dfeeaa3cea4c3e00e') in 0.019041 seconds
Number of updated asset objects reloaded before import = 0
Number of asset objects unloaded after import = 2
========================================================================
Received Import Request.
  Time since last request: 0.000018 seconds.
  path: Assets/Footsteps - Essentials/Footsteps_DirtyGround/Footsteps_DirtyGround_Walk/Footsteps_DirtyGround_Walk_06.wav
  artifactKey: Guid(001f691d110d55648871a03f446ffa08) Importer(815301076,1909f56bfc062723c751e8b465ee728b)
Start importing Assets/Footsteps - Essentials/Footsteps_DirtyGround/Footsteps_DirtyGround_Walk/Footsteps_DirtyGround_Walk_06.wav using Guid(001f691d110d55648871a03f446ffa08) Importer(815301076,1909f56bfc062723c751e8b465ee728b)  -> (artifact id: '8839f9520047a4a7181294ec46174620') in 0.018510 seconds
Number of updated asset objects reloaded before import = 0
Number of asset objects unloaded after import = 2
========================================================================
Received Import Request.
  Time since last request: 0.000023 seconds.
  path: Assets/Footsteps - Essentials/Footsteps_DirtyGround/Footsteps_DirtyGround_Walk/Footsteps_DirtyGround_Walk_08.wav
  artifactKey: Guid(f1547ad8fbfa4f24d83e5a445aee860d) Importer(815301076,1909f56bfc062723c751e8b465ee728b)
Start importing Assets/Footsteps - Essentials/Footsteps_DirtyGround/Footsteps_DirtyGround_Walk/Footsteps_DirtyGround_Walk_08.wav using Guid(f1547ad8fbfa4f24d83e5a445aee860d) Importer(815301076,1909f56bfc062723c751e8b465ee728b)  -> (artifact id: '660b99a77709a644f44eadf86596eb99') in 0.019850 seconds
Number of updated asset objects reloaded before import = 0
Number of asset objects unloaded after import = 2
========================================================================
Received Import Request.
  Time since last request: 0.000014 seconds.
  path: Assets/Footsteps - Essentials/Footsteps_DirtyGround/Footsteps_DirtyGround_Walk/Footsteps_DirtyGround_Walk_04.wav
  artifactKey: Guid(f42914d98b070f741b2feee96a2988ee) Importer(815301076,1909f56bfc062723c751e8b465ee728b)
Start importing Assets/Footsteps - Essentials/Footsteps_DirtyGround/Footsteps_DirtyGround_Walk/Footsteps_DirtyGround_Walk_04.wav using Guid(f42914d98b070f741b2feee96a2988ee) Importer(815301076,1909f56bfc062723c751e8b465ee728b)  -> (artifact id: '400494073b08102227f74a0b08623cbe') in 0.019140 seconds
Number of updated asset objects reloaded before import = 0
Number of asset objects unloaded after import = 2
========================================================================
Received Import Request.
  Time since last request: 0.000230 seconds.
  path: Assets/Footsteps - Essentials/Footsteps_DirtyGround/Footsteps_DirtyGround_Walk/Footsteps_DirtyGround_Walk_07.wav
  artifactKey: Guid(6478d7fb30f301b4fa8f74d5d1dad094) Importer(815301076,1909f56bfc062723c751e8b465ee728b)
Start importing Assets/Footsteps - Essentials/Footsteps_DirtyGround/Footsteps_DirtyGround_Walk/Footsteps_DirtyGround_Walk_07.wav using Guid(6478d7fb30f301b4fa8f74d5d1dad094) Importer(815301076,1909f56bfc062723c751e8b465ee728b)  -> (artifact id: 'dd09b15eeea3cdb35f581e6eb2b01b7b') in 0.019168 seconds
Number of updated asset objects reloaded before import = 0
Number of asset objects unloaded after import = 2
========================================================================
Received Import Request.
  Time since last request: 19.733838 seconds.
  path: Assets/Footsteps - Essentials/Footsteps_Leaves
  artifactKey: Guid(f7ddcf9e73131cd4aa4c1e16ec018c72) Importer(815301076,1909f56bfc062723c751e8b465ee728b)
Start importing Assets/Footsteps - Essentials/Footsteps_Leaves using Guid(f7ddcf9e73131cd4aa4c1e16ec018c72) Importer(815301076,1909f56bfc062723c751e8b465ee728b)  -> (artifact id: 'f1538cc8e5d93252f8ce53065aabd186') in 0.000556 seconds
Number of updated asset objects reloaded before import = 0
Number of asset objects unloaded after import = 0
========================================================================
Received Import Request.
  Time since last request: 1.209476 seconds.
  path: Assets/Footsteps - Essentials/Footsteps_Gravel
  artifactKey: Guid(679124ef3b78bdd4692da22b80cc87ae) Importer(815301076,1909f56bfc062723c751e8b465ee728b)
Start importing Assets/Footsteps - Essentials/Footsteps_Gravel using Guid(679124ef3b78bdd4692da22b80cc87ae) Importer(815301076,1909f56bfc062723c751e8b465ee728b)  -> (artifact id: 'd925d8dd5f48419fdd585e493642a188') in 0.000553 seconds
Number of updated asset objects reloaded before import = 0
Number of asset objects unloaded after import = 0
========================================================================
Received Import Request.
  Time since last request: 1.162667 seconds.
  path: Assets/Footsteps - Essentials/Footsteps_Metal
  artifactKey: Guid(9024c6c9a0565764abae1e25b1a5fae4) Importer(815301076,1909f56bfc062723c751e8b465ee728b)
Start importing Assets/Footsteps - Essentials/Footsteps_Metal using Guid(9024c6c9a0565764abae1e25b1a5fae4) Importer(815301076,1909f56bfc062723c751e8b465ee728b)  -> (artifact id: '3e9510f786f80481f8d5acd1119c2bed') in 0.000500 seconds
Number of updated asset objects reloaded before import = 0
Number of asset objects unloaded after import = 0
========================================================================
Received Import Request.
  Time since last request: 0.499675 seconds.
  path: Assets/Footsteps - Essentials/Footsteps_Mud
  artifactKey: Guid(c428022154526d948bae8d8084826826) Importer(815301076,1909f56bfc062723c751e8b465ee728b)
Start importing Assets/Footsteps - Essentials/Footsteps_Mud using Guid(c428022154526d948bae8d8084826826) Importer(815301076,1909f56bfc062723c751e8b465ee728b)  -> (artifact id: 'c3d5e6e65aee5605ac44612e90d66d65') in 0.000573 seconds
Number of updated asset objects reloaded before import = 0
Number of asset objects unloaded after import = 0
========================================================================
Received Import Request.
  Time since last request: 0.578197 seconds.
  path: Assets/Footsteps - Essentials/Footsteps_Rock
  artifactKey: Guid(ce43c2faff5be2d408bb13797d8f4631) Importer(815301076,1909f56bfc062723c751e8b465ee728b)
Start importing Assets/Footsteps - Essentials/Footsteps_Rock using Guid(ce43c2faff5be2d408bb13797d8f4631) Importer(815301076,1909f56bfc062723c751e8b465ee728b)  -> (artifact id: 'b62da0352eefd40174f96d9a05a83d0d') in 0.000555 seconds
Number of updated asset objects reloaded before import = 0
Number of asset objects unloaded after import = 0
========================================================================
Received Import Request.
  Time since last request: 1.024050 seconds.
  path: Assets/Footsteps - Essentials/Footsteps_Sand
  artifactKey: Guid(f9dfd2e905c94b140915d92263eb738b) Importer(815301076,1909f56bfc062723c751e8b465ee728b)
Start importing Assets/Footsteps - Essentials/Footsteps_Sand using Guid(f9dfd2e905c94b140915d92263eb738b) Importer(815301076,1909f56bfc062723c751e8b465ee728b)  -> (artifact id: 'e20839a42f85b666d9ac5f30ddd43148') in 0.000661 seconds
Number of updated asset objects reloaded before import = 0
Number of asset objects unloaded after import = 0
========================================================================
Received Import Request.
  Time since last request: 0.524720 seconds.
  path: Assets/Footsteps - Essentials/Footsteps_Snow
  artifactKey: Guid(b6f81c75bc641374d91b3cb7857a3b15) Importer(815301076,1909f56bfc062723c751e8b465ee728b)
Start importing Assets/Footsteps - Essentials/Footsteps_Snow using Guid(b6f81c75bc641374d91b3cb7857a3b15) Importer(815301076,1909f56bfc062723c751e8b465ee728b)  -> (artifact id: 'a20f9075a437053fefa964d11b277471') in 0.000591 seconds
Number of updated asset objects reloaded before import = 0
Number of asset objects unloaded after import = 0
========================================================================
Received Import Request.
  Time since last request: 0.649337 seconds.
  path: Assets/Footsteps - Essentials/Footsteps_Tile
  artifactKey: Guid(6508de9dd85b774429e225ddb500f8bd) Importer(815301076,1909f56bfc062723c751e8b465ee728b)
Start importing Assets/Footsteps - Essentials/Footsteps_Tile using Guid(6508de9dd85b774429e225ddb500f8bd) Importer(815301076,1909f56bfc062723c751e8b465ee728b)  -> (artifact id: 'f34cd35cfc5060029d6dcb18baa2d959') in 0.000534 seconds
Number of updated asset objects reloaded before import = 0
Number of asset objects unloaded after import = 0
========================================================================
Received Import Request.
  Time since last request: 3.068437 seconds.
  path: Assets/Footsteps - Essentials/Footsteps_Tile/Footsteps_Tile_Jump
  artifactKey: Guid(1eee678c0cea3bb4dabc72b2e27dd246) Importer(815301076,1909f56bfc062723c751e8b465ee728b)
Start importing Assets/Footsteps - Essentials/Footsteps_Tile/Footsteps_Tile_Jump using Guid(1eee678c0cea3bb4dabc72b2e27dd246) Importer(815301076,1909f56bfc062723c751e8b465ee728b)  -> (artifact id: '1011355cd9342d7d6b937f11a8613444') in 0.000581 seconds
Number of updated asset objects reloaded before import = 0
Number of asset objects unloaded after import = 0
========================================================================
Received Import Request.
  Time since last request: 0.071498 seconds.
  path: Assets/Footsteps - Essentials/Footsteps_Tile/Footsteps_Tile_Jump/Footsteps_Tile_Jump_Land_01.wav
  artifactKey: Guid(304f2bf2228cba94e91cd22803e54bcf) Importer(815301076,1909f56bfc062723c751e8b465ee728b)
Start importing Assets/Footsteps - Essentials/Footsteps_Tile/Footsteps_Tile_Jump/Footsteps_Tile_Jump_Land_01.wav using Guid(304f2bf2228cba94e91cd22803e54bcf) Importer(815301076,1909f56bfc062723c751e8b465ee728b)  -> (artifact id: '3bae694d8c8a561f237d6637523993c7') in 0.018801 seconds
Number of updated asset objects reloaded before import = 0
Number of asset objects unloaded after import = 2
========================================================================
Received Import Request.
  Time since last request: 0.000020 seconds.
  path: Assets/Footsteps - Essentials/Footsteps_Tile/Footsteps_Tile_Jump/Footsteps_Tile_Jump_Start_03.wav
  artifactKey: Guid(a465f4e2a2f3a354f927f77994a68a08) Importer(815301076,1909f56bfc062723c751e8b465ee728b)
Start importing Assets/Footsteps - Essentials/Footsteps_Tile/Footsteps_Tile_Jump/Footsteps_Tile_Jump_Start_03.wav using Guid(a465f4e2a2f3a354f927f77994a68a08) Importer(815301076,1909f56bfc062723c751e8b465ee728b)  -> (artifact id: '254f2500a676d52f9fbc327681d789ff') in 0.017612 seconds
Number of updated asset objects reloaded before import = 0
Number of asset objects unloaded after import = 2
========================================================================
Received Import Request.
  Time since last request: 15.896890 seconds.
  path: Assets/Footsteps - Essentials/Footsteps_Water
  artifactKey: Guid(08dfc10cc01c2514aa493c96f4782821) Importer(815301076,1909f56bfc062723c751e8b465ee728b)
Start importing Assets/Footsteps - Essentials/Footsteps_Water using Guid(08dfc10cc01c2514aa493c96f4782821) Importer(815301076,1909f56bfc062723c751e8b465ee728b)  -> (artifact id: '391cd15c7a60118fec983216f8161362') in 0.000586 seconds
Number of updated asset objects reloaded before import = 0
Number of asset objects unloaded after import = 0
========================================================================
Received Import Request.
  Time since last request: 1.403747 seconds.
  path: Assets/Footsteps - Essentials/Footsteps_Wood
  artifactKey: Guid(1eecb70b032a2f3408a0684950c21867) Importer(815301076,1909f56bfc062723c751e8b465ee728b)
Start importing Assets/Footsteps - Essentials/Footsteps_Wood using Guid(1eecb70b032a2f3408a0684950c21867) Importer(815301076,1909f56bfc062723c751e8b465ee728b)  -> (artifact id: '0ebb5a9ace5d79a8bc6b4a7cdf9f9138') in 0.000649 seconds
Number of updated asset objects reloaded before import = 0
Number of asset objects unloaded after import = 0
========================================================================
Received Import Request.
  Time since last request: 2.420721 seconds.
  path: Assets/Footsteps - Essentials/Footsteps_Wood/Footsteps_Wood_Jump
  artifactKey: Guid(3e39f42e406562a4ca22563d6cc49192) Importer(815301076,1909f56bfc062723c751e8b465ee728b)
Start importing Assets/Footsteps - Essentials/Footsteps_Wood/Footsteps_Wood_Jump using Guid(3e39f42e406562a4ca22563d6cc49192) Importer(815301076,1909f56bfc062723c751e8b465ee728b)  -> (artifact id: '8dd3234a6dcba7920831cfd0d8e6af48') in 0.000514 seconds
Number of updated asset objects reloaded before import = 0
Number of asset objects unloaded after import = 0
========================================================================
Received Import Request.
  Time since last request: 0.195393 seconds.
  path: Assets/Footsteps - Essentials/Footsteps_Wood/Footsteps_Wood_Jump/Footsteps_Wood_Jump_Land_01.wav
  artifactKey: Guid(bb5ec83ccc5c69f43b31f100278bff91) Importer(815301076,1909f56bfc062723c751e8b465ee728b)
Start importing Assets/Footsteps - Essentials/Footsteps_Wood/Footsteps_Wood_Jump/Footsteps_Wood_Jump_Land_01.wav using Guid(bb5ec83ccc5c69f43b31f100278bff91) Importer(815301076,1909f56bfc062723c751e8b465ee728b)  -> (artifact id: '4fd84dc9380ce6d700b4b74393a37138') in 0.029139 seconds
Number of updated asset objects reloaded before import = 0
Number of asset objects unloaded after import = 2
========================================================================
Received Import Request.
  Time since last request: 11.093286 seconds.
  path: Assets/Footsteps - Essentials/Footsteps_Leaves/Footsteps_Leaves_Jump
  artifactKey: Guid(6c436b395e888b649bdaad7347a9b638) Importer(815301076,1909f56bfc062723c751e8b465ee728b)
Start importing Assets/Footsteps - Essentials/Footsteps_Leaves/Footsteps_Leaves_Jump using Guid(6c436b395e888b649bdaad7347a9b638) Importer(815301076,1909f56bfc062723c751e8b465ee728b)  -> (artifact id: 'd69d7a61e9b59dd7192ba64e7b2e95f3') in 0.000663 seconds
Number of updated asset objects reloaded before import = 0
Number of asset objects unloaded after import = 0
========================================================================
Received Import Request.
  Time since last request: 0.355275 seconds.
  path: Assets/Footsteps - Essentials/Footsteps_Leaves/Footsteps_Leaves_Jump/Footsteps_Leaves_Jump_Land_01.wav
  artifactKey: Guid(99c4a3774a894ff41a9f16f21aad34aa) Importer(815301076,1909f56bfc062723c751e8b465ee728b)
Start importing Assets/Footsteps - Essentials/Footsteps_Leaves/Footsteps_Leaves_Jump/Footsteps_Leaves_Jump_Land_01.wav using Guid(99c4a3774a894ff41a9f16f21aad34aa) Importer(815301076,1909f56bfc062723c751e8b465ee728b)  -> (artifact id: '808aaa0edd4cf82e46bac6506418a0cf') in 0.018811 seconds
Number of updated asset objects reloaded before import = 0
Number of asset objects unloaded after import = 2
========================================================================
Received Import Request.
  Time since last request: 7.499814 seconds.
  path: Assets/Footsteps - Essentials/Footsteps_Leaves/Footsteps_Leaves_Run
  artifactKey: Guid(042116984ba6bcb4ab0a675f32296d17) Importer(815301076,1909f56bfc062723c751e8b465ee728b)
Start importing Assets/Footsteps - Essentials/Footsteps_Leaves/Footsteps_Leaves_Run using Guid(042116984ba6bcb4ab0a675f32296d17) Importer(815301076,1909f56bfc062723c751e8b465ee728b)  -> (artifact id: '96c89c3714330bbba712be7dc00cb066') in 0.000701 seconds
Number of updated asset objects reloaded before import = 0
Number of asset objects unloaded after import = 0
========================================================================
Received Import Request.
  Time since last request: 0.042506 seconds.
  path: Assets/Footsteps - Essentials/Footsteps_Leaves/Footsteps_Leaves_Run/Footsteps_Leaves_Run_01.wav
  artifactKey: Guid(03e0be3d4ce61d34da02d3d0a674d54a) Importer(815301076,1909f56bfc062723c751e8b465ee728b)
Start importing Assets/Footsteps - Essentials/Footsteps_Leaves/Footsteps_Leaves_Run/Footsteps_Leaves_Run_01.wav using Guid(03e0be3d4ce61d34da02d3d0a674d54a) Importer(815301076,1909f56bfc062723c751e8b465ee728b)  -> (artifact id: '5368b8d422147d3eb82892ba5bdbf2fb') in 0.032103 seconds
Number of updated asset objects reloaded before import = 0
Number of asset objects unloaded after import = 2
Editor requested this worker to shutdown with reason: Scaling down because of idle timeout
TcpMessagingSession - receive error: operation aborted. errorcode: 995, details: The I/O operation has been aborted because of either a thread exit or an application request.
AssetImportWorker is now disconnected from the server
Process exiting
Exiting without the bug reporter. Application will terminate with return code 0